c:\users\angel\source\repos\openglrenderer\openglrenderer\x64\debug\vc143.pdb
c:\users\angel\source\repos\openglrenderer\openglrenderer\x64\debug\vc143.idb
c:\users\angel\source\repos\openglrenderer\openglrenderer\x64\debug\glad.obj
c:\users\angel\source\repos\openglrenderer\openglrenderer\x64\debug\main.obj
c:\users\angel\source\repos\openglrenderer\openglrenderer\x64\debug\stb_image_implementation.obj
c:\users\angel\source\repos\openglrenderer\openglrenderer\x64\debug\imgui_widgets.obj
c:\users\angel\source\repos\openglrenderer\openglrenderer\x64\debug\imgui_tables.obj
c:\users\angel\source\repos\openglrenderer\openglrenderer\x64\debug\imgui_draw.obj
c:\users\angel\source\repos\openglrenderer\openglrenderer\x64\debug\imgui_demo.obj
c:\users\angel\source\repos\openglrenderer\openglrenderer\x64\debug\imgui.obj
c:\users\angel\source\repos\openglrenderer\openglrenderer\x64\debug\imgui_impl_opengl3.obj
c:\users\angel\source\repos\openglrenderer\openglrenderer\x64\debug\imgui_impl_glfw.obj
c:\users\angel\source\repos\openglrenderer\x64\debug\openglrenderer.exe
c:\users\angel\source\repos\openglrenderer\x64\debug\openglrenderer.pdb
c:\users\angel\source\repos\openglrenderer\openglrenderer\x64\debug\openglrenderer.ilk
c:\users\angel\source\repos\openglrenderer\openglrenderer\x64\debug\openglrenderer.tlog\cl.command.1.tlog
c:\users\angel\source\repos\openglrenderer\openglrenderer\x64\debug\openglrenderer.tlog\cl.items.tlog
c:\users\angel\source\repos\openglrenderer\openglrenderer\x64\debug\openglrenderer.tlog\cl.read.1.tlog
c:\users\angel\source\repos\openglrenderer\openglrenderer\x64\debug\openglrenderer.tlog\cl.write.1.tlog
c:\users\angel\source\repos\openglrenderer\openglrenderer\x64\debug\openglrenderer.tlog\link.command.1.tlog
c:\users\angel\source\repos\openglrenderer\openglrenderer\x64\debug\openglrenderer.tlog\link.read.1.tlog
c:\users\angel\source\repos\openglrenderer\openglrenderer\x64\debug\openglrenderer.tlog\link.secondary.1.tlog
c:\users\angel\source\repos\openglrenderer\openglrenderer\x64\debug\openglrenderer.tlog\link.write.1.tlog
